<?xml version="1.0" encoding="UTF-8"?>
<Site BuildName="Darwin-c++"
	BuildStamp="20260202-1919-Experimental"
	Name="Zeyads-Laptop.local"
	Generator="ctest-4.0.1"
	CompilerName="/usr/bin/c++"
	CompilerVersion="17.0.0.17000603"
	OSName="macOS"
	Hostname="Zeyads-Laptop.local"
	OSRelease="26.2"
	OSVersion="25C56"
	OSPlatform="arm64"
	Is64Bits="1"
	VendorString="Apple"
	VendorID="Apple"
	FamilyID="0"
	ModelID="0"
	ModelName="Apple M3"
	ProcessorCacheSize="131072"
	NumberOfLogicalCPU="8"
	NumberOfPhysicalCPU="8"
	TotalVirtualMemory="0"
	TotalPhysicalMemory="16384"
	LogicalProcessorsPerPhysical="8"
	ProcessorClockFrequency="0"
	>
	<Testing>
		<StartDateTime>Feb 07 20:19 GMT</StartDateTime>
		<StartTestTime>1770495581</StartTestTime>
		<TestList/>
		<EndDateTime>Feb 07 20:19 GMT</EndDateTime>
		<EndTestTime>1770495581</EndTestTime>
		<ElapsedMinutes>0</ElapsedMinutes>
	</Testing>
</Site>
